{"name": "test_round_trip", "status": "broken", "statusDetails": {"message": "selenium.common.exceptions.ElementClickInterceptedException: Message: element click intercepted: Element <span _ngcontent-yxa-c8=\"\" class=\"button_label\">...</span> is not clickable at point (897, 730). Other element would receive the click: <ngb-modal-window role=\"dialog\" tabindex=\"-1\" class=\"modal fade show d-block modal-alert modal-alert-warning\" aria-modal=\"true\">...</ngb-modal-window>\n  (Session info: chrome=131.0.6778.265)\nStacktrace:\n\tGetHandleVerifier [0x006BFD53+23747]\n\t(No symbol) [0x00647D54]\n\t(No symbol) [0x0051BE53]\n\t(No symbol) [0x00565C57]\n\t(No symbol) [0x005640C3]\n\t(No symbol) [0x00561CCD]\n\t(No symbol) [0x00561034]\n\t(No symbol) [0x00555F57]\n\t(No symbol) [0x00581DFC]\n\t(No symbol) [0x005559A4]\n\t(No symbol) [0x00582094]\n\t(No symbol) [0x0059B41E]\n\t(No symbol) [0x00581B96]\n\t(No symbol) [0x00553F3C]\n\t(No symbol) [0x00554EBD]\n\tGetHandleVerifier [0x0099AC73+3017699]\n\tGetHandleVerifier [0x009AB93B+3086507]\n\tGetHandleVerifier [0x009A40F2+3055714]\n\tGetHandleVerifier [0x00755AF0+637536]\n\t(No symbol) [0x00650A5D]\n\t(No symbol) [0x0064DA28]\n\t(No symbol) [0x0064DBC5]\n\t(No symbol) [0x006407F0]\n\tBaseThreadInitThunk [0x76AA7BA9+25]\n\tRtlInitializeExceptionChain [0x774FC0CB+107]\n\tRtlClearBits [0x774FC04F+191]", "trace": "tests\\test_RoundTrip.py:74: in test_round_trip\n    seatsPage.Confirm()\npages\\SeatsPage.py:93: in Confirm\n    self.driver.find_element(*self.confirm_Locator).click()\nvirtual\\Lib\\site-packages\\selenium\\webdriver\\remote\\webelement.py:94: in click\n    self._execute(Command.CLICK_ELEMENT)\nvirtual\\Lib\\site-packages\\selenium\\webdriver\\remote\\webelement.py:395: in _execute\n    return self._parent.execute(command, params)\nvirtual\\Lib\\site-packages\\selenium\\webdriver\\remote\\webdriver.py:384: in execute\n    self.error_handler.check_response(response)\nvirtual\\Lib\\site-packages\\selenium\\webdriver\\remote\\errorhandler.py:232: in check_response\n    raise exception_class(message, screen, stacktrace)\nE   selenium.common.exceptions.ElementClickInterceptedException: Message: element click intercepted: Element <span _ngcontent-yxa-c8=\"\" class=\"button_label\">...</span> is not clickable at point (897, 730). Other element would receive the click: <ngb-modal-window role=\"dialog\" tabindex=\"-1\" class=\"modal fade show d-block modal-alert modal-alert-warning\" aria-modal=\"true\">...</ngb-modal-window>\nE     (Session info: chrome=131.0.6778.265)\nE   Stacktrace:\nE   \tGetHandleVerifier [0x006BFD53+23747]\nE   \t(No symbol) [0x00647D54]\nE   \t(No symbol) [0x0051BE53]\nE   \t(No symbol) [0x00565C57]\nE   \t(No symbol) [0x005640C3]\nE   \t(No symbol) [0x00561CCD]\nE   \t(No symbol) [0x00561034]\nE   \t(No symbol) [0x00555F57]\nE   \t(No symbol) [0x00581DFC]\nE   \t(No symbol) [0x005559A4]\nE   \t(No symbol) [0x00582094]\nE   \t(No symbol) [0x0059B41E]\nE   \t(No symbol) [0x00581B96]\nE   \t(No symbol) [0x00553F3C]\nE   \t(No symbol) [0x00554EBD]\nE   \tGetHandleVerifier [0x0099AC73+3017699]\nE   \tGetHandleVerifier [0x009AB93B+3086507]\nE   \tGetHandleVerifier [0x009A40F2+3055714]\nE   \tGetHandleVerifier [0x00755AF0+637536]\nE   \t(No symbol) [0x00650A5D]\nE   \t(No symbol) [0x0064DA28]\nE   \t(No symbol) [0x0064DBC5]\nE   \t(No symbol) [0x006407F0]\nE   \tBaseThreadInitThunk [0x76AA7BA9+25]\nE   \tRtlInitializeExceptionChain [0x774FC0CB+107]\nE   \tRtlClearBits [0x774FC04F+191]"}, "start": 1737820708116, "stop": 1737820830703, "uuid": "5083c9a3-e6d4-4d96-b132-96892a99306b", "historyId": "192fddfa26ba4b3d23b25c9eff4f3b06", "testCaseId": "192fddfa26ba4b3d23b25c9eff4f3b06", "fullName": "tests.test_RoundTrip.TestRoundTrip#test_round_trip", "labels": [{"name": "feature", "value": "Round Trip"}, {"name": "tag", "value": "@pytest.mark.usefixtures('setup_and_teardown')"}, {"name": "parentSuite", "value": "tests"}, {"name": "suite", "value": "test_RoundTrip"}, {"name": "subSuite", "value": "TestRoundTrip"}, {"name": "host", "value": "LAPTOP-JI6I8DAU"}, {"name": "thread", "value": "26904-MainThread"}, {"name": "framework", "value": "pytest"}, {"name": "language", "value": "cpython3"}, {"name": "package", "value": "tests.test_RoundTrip"}]}