{"name": "test_one", "status": "broken", "statusDetails": {"message": "selenium.common.exceptions.TimeoutException: Message: \nStacktrace:\n\tGetHandleVerifier [0x004BFD53+23747]\n\t(No symbol) [0x00447D54]\n\t(No symbol) [0x0031BE53]\n\t(No symbol) [0x0035FCA6]\n\t(No symbol) [0x0035FEEB]\n\t(No symbol) [0x0039D852]\n\t(No symbol) [0x00381E44]\n\t(No symbol) [0x0039B41E]\n\t(No symbol) [0x00381B96]\n\t(No symbol) [0x00353F3C]\n\t(No symbol) [0x00354EBD]\n\tGetHandleVerifier [0x0079AC73+3017699]\n\tGetHandleVerifier [0x007AB93B+3086507]\n\tGetHandleVerifier [0x007A40F2+3055714]\n\tGetHandleVerifier [0x00555AF0+637536]\n\t(No symbol) [0x00450A5D]\n\t(No symbol) [0x0044DA28]\n\t(No symbol) [0x0044DBC5]\n\t(No symbol) [0x004407F0]\n\tBaseThreadInitThunk [0x76AA7BA9+25]\n\tRtlInitializeExceptionChain [0x774FC0CB+107]\n\tRtlClearBits [0x774FC04F+191]", "trace": "tests\\test_OneWay.py:75: in test_one\n    seatsPage.Confirm()\npages\\SeatsPage.py:61: in Confirm\n    WebDriverWait(self.driver, 10).until(\nvirtual\\Lib\\site-packages\\selenium\\webdriver\\support\\wait.py:105: in until\n    raise TimeoutException(message, screen, stacktrace)\nE   selenium.common.exceptions.TimeoutException: Message: \nE   Stacktrace:\nE   \tGetHandleVerifier [0x004BFD53+23747]\nE   \t(No symbol) [0x00447D54]\nE   \t(No symbol) [0x0031BE53]\nE   \t(No symbol) [0x0035FCA6]\nE   \t(No symbol) [0x0035FEEB]\nE   \t(No symbol) [0x0039D852]\nE   \t(No symbol) [0x00381E44]\nE   \t(No symbol) [0x0039B41E]\nE   \t(No symbol) [0x00381B96]\nE   \t(No symbol) [0x00353F3C]\nE   \t(No symbol) [0x00354EBD]\nE   \tGetHandleVerifier [0x0079AC73+3017699]\nE   \tGetHandleVerifier [0x007AB93B+3086507]\nE   \tGetHandleVerifier [0x007A40F2+3055714]\nE   \tGetHandleVerifier [0x00555AF0+637536]\nE   \t(No symbol) [0x00450A5D]\nE   \t(No symbol) [0x0044DA28]\nE   \t(No symbol) [0x0044DBC5]\nE   \t(No symbol) [0x004407F0]\nE   \tBaseThreadInitThunk [0x76AA7BA9+25]\nE   \tRtlInitializeExceptionChain [0x774FC0CB+107]\nE   \tRtlClearBits [0x774FC04F+191]"}, "attachments": [{"name": "stdout", "source": "4a64e7f3-9894-4426-8555-5357e43ea6e4-attachment.txt", "type": "text/plain"}], "start": 1737828620568, "stop": 1737828794571, "uuid": "b0508362-b2f8-45f1-8680-eab042b39334", "historyId": "cb5854c44bb493a5a1538e2d36ffaaff", "testCaseId": "cb5854c44bb493a5a1538e2d36ffaaff", "fullName": "tests.test_OneWay.TestOneWay#test_one", "labels": [{"name": "feature", "value": "One Way Trip"}, {"name": "tag", "value": "@pytest.mark.usefixtures('setup_and_teardown')"}, {"name": "parentSuite", "value": "tests"}, {"name": "suite", "value": "test_OneWay"}, {"name": "subSuite", "value": "TestOneWay"}, {"name": "host", "value": "LAPTOP-JI6I8DAU"}, {"name": "thread", "value": "17164-MainThread"}, {"name": "framework", "value": "pytest"}, {"name": "language", "value": "cpython3"}, {"name": "package", "value": "tests.test_OneWay"}]}